<?xml version="1.0" encoding="UTF-8"?>
<testsuite xmlns:xsi="http://www.w3.org/2001/XMLSchema-instance" xsi:noNamespaceSchemaLocation="https://maven.apache.org/surefire/maven-surefire-plugin/xsd/surefire-test-report-3.0.xsd" version="3.0" name="TestSuite" time="0.52" tests="9" errors="0" skipped="0" failures="0">
  <properties>
[...]
</properties>
  <testcase name="testCreatorFromRow2" classname="edu.brown.cs.student.TestParseAndCreatorFromRow" time="0.007"/>
  <testcase name="testGetRowAndCreatorFromRow" classname="edu.brown.cs.student.TestParseAndCreatorFromRow" time="0.001"/>
  <testcase name="testParseStringReader" classname="edu.brown.cs.student.TestParseAndCreatorFromRow" time="0.015"/>
  <testcase name="testBasicSearch" classname="edu.brown.cs.student.TestSearchAndParse" time="0.09"/>
  <testcase name="testBasicSearch2" classname="edu.brown.cs.student.TestSearchAndParse" time="0.001"/>
  <testcase name="testBasicSearchError" classname="edu.brown.cs.student.TestSearchAndParse" time="0.038"/>
  <testcase name="testDuplicateInputs" classname="edu.brown.cs.student.TestSearchAndParse" time="0"/>
  <testcase name="testSearchWithNoColID" classname="edu.brown.cs.student.TestSearchAndParse" time="0.038"/>
  <testcase name="testWrongCol" classname="edu.brown.cs.student.TestSearchAndParse" time="0.029"/>
</testsuite>