<?xml version="1.0" encoding="UTF-8"?>
<!-- Generated by org.testng.reporters.JUnitXMLReporter -->
<testsuite ignored="0" hostname="Zeeshans-MacBook-Pro.local" failures="0" tests="9" name="Surefire test" time="0.249" errors="0" timestamp="2023-02-05T16:48:30 EST">
  <testcase classname="edu.brown.cs.student.TestParseAndCreatorFromRow" name="testCreatorFromRow2" time="0.007"/>
  <testcase classname="edu.brown.cs.student.TestParseAndCreatorFromRow" name="testGetRowAndCreatorFromRow" time="0.001"/>
  <testcase classname="edu.brown.cs.student.TestParseAndCreatorFromRow" name="testParseStringReader" time="0.015"/>
  <testcase classname="edu.brown.cs.student.TestSearchAndParse" name="testBasicSearch" time="0.089"/>
  <testcase classname="edu.brown.cs.student.TestSearchAndParse" name="testBasicSearch2" time="0.0"/>
  <testcase classname="edu.brown.cs.student.TestSearchAndParse" name="testBasicSearchError" time="0.037"/>
  <testcase classname="edu.brown.cs.student.TestSearchAndParse" name="testDuplicateInputs" time="0.0"/>
  <testcase classname="edu.brown.cs.student.TestSearchAndParse" name="testSearchWithNoColID" time="0.038"/>
  <testcase classname="edu.brown.cs.student.TestSearchAndParse" name="testWrongCol" time="0.03"/>
</testsuite> <!-- Surefire test -->
